2013-08-13T20:50:08+00:00 ERR (3): Strict Notice: Declaration of PedroTeixeira_Correios_Model_Carrier_CorreiosMethod::isZipCodeRequired() should be compatible with that of Mage_Shipping_Model_Carrier_Abstract::isZipCodeRequired()  in /var/www/html/paybras/loja-paybras/app/code/community/PedroTeixeira/Correios/Model/Carrier/CorreiosMethod.php on line 28
2013-08-13T20:50:08+00:00 DEBUG (7): pedroteixeira_correios [98]: Invalid Zip Code
2013-08-13T20:50:10+00:00 ERR (3): Warning: include_once(/var/www/html/paybras/loja-paybras/lib/MaxMind/GeoIP/geoip.inc): failed to open stream: No such file or directory  in /var/www/html/paybras/loja-paybras/app/code/local/DeivisonArthur/OnepageCheckout/Model/Type/Geo.php on line 3
2013-08-13T20:50:10+00:00 ERR (3): Warning: include_once(): Failed opening '/var/www/html/paybras/loja-paybras/lib/MaxMind/GeoIP/geoip.inc' for inclusion (include_path='/var/www/html/paybras/loja-paybras/app/code/local:/var/www/html/paybras/loja-paybras/app/code/community:/var/www/html/paybras/loja-paybras/app/code/core:/var/www/html/paybras/loja-paybras/lib:.:/usr/share/pear:/usr/share/php')  in /var/www/html/paybras/loja-paybras/app/code/local/DeivisonArthur/OnepageCheckout/Model/Type/Geo.php on line 3
2013-08-13T20:50:10+00:00 ERR (3): Warning: include_once(/var/www/html/paybras/loja-paybras/lib/MaxMind/GeoIP/geoipcity.inc): failed to open stream: No such file or directory  in /var/www/html/paybras/loja-paybras/app/code/local/DeivisonArthur/OnepageCheckout/Model/Type/Geo.php on line 4
2013-08-13T20:50:10+00:00 ERR (3): Warning: include_once(): Failed opening '/var/www/html/paybras/loja-paybras/lib/MaxMind/GeoIP/geoipcity.inc' for inclusion (include_path='/var/www/html/paybras/loja-paybras/app/code/local:/var/www/html/paybras/loja-paybras/app/code/community:/var/www/html/paybras/loja-paybras/app/code/core:/var/www/html/paybras/loja-paybras/lib:.:/usr/share/pear:/usr/share/php')  in /var/www/html/paybras/loja-paybras/app/code/local/DeivisonArthur/OnepageCheckout/Model/Type/Geo.php on line 4
2013-08-13T20:50:10+00:00 ERR (3): Warning: include_once(/var/www/html/paybras/loja-paybras/lib/MaxMind/GeoIP/geoipregionvars.php): failed to open stream: No such file or directory  in /var/www/html/paybras/loja-paybras/app/code/local/DeivisonArthur/OnepageCheckout/Model/Type/Geo.php on line 5
2013-08-13T20:50:10+00:00 ERR (3): Warning: include_once(): Failed opening '/var/www/html/paybras/loja-paybras/lib/MaxMind/GeoIP/geoipregionvars.php' for inclusion (include_path='/var/www/html/paybras/loja-paybras/app/code/local:/var/www/html/paybras/loja-paybras/app/code/community:/var/www/html/paybras/loja-paybras/app/code/core:/var/www/html/paybras/loja-paybras/lib:.:/usr/share/pear:/usr/share/php')  in /var/www/html/paybras/loja-paybras/app/code/local/DeivisonArthur/OnepageCheckout/Model/Type/Geo.php on line 5
2013-08-13T20:50:12+00:00 ERR (3): Strict Notice: Declaration of PedroTeixeira_Correios_Model_Carrier_CorreiosMethod::isZipCodeRequired() should be compatible with that of Mage_Shipping_Model_Carrier_Abstract::isZipCodeRequired()  in /var/www/html/paybras/loja-paybras/app/code/community/PedroTeixeira/Correios/Model/Carrier/CorreiosMethod.php on line 28
2013-08-13T20:50:12+00:00 ERR (3): Warning: include_once(/var/www/html/paybras/loja-paybras/lib/MaxMind/GeoIP/geoip.inc): failed to open stream: No such file or directory  in /var/www/html/paybras/loja-paybras/app/code/local/DeivisonArthur/OnepageCheckout/Model/Type/Geo.php on line 3
2013-08-13T20:50:12+00:00 ERR (3): Warning: include_once(): Failed opening '/var/www/html/paybras/loja-paybras/lib/MaxMind/GeoIP/geoip.inc' for inclusion (include_path='/var/www/html/paybras/loja-paybras/app/code/local:/var/www/html/paybras/loja-paybras/app/code/community:/var/www/html/paybras/loja-paybras/app/code/core:/var/www/html/paybras/loja-paybras/lib:.:/usr/share/pear:/usr/share/php')  in /var/www/html/paybras/loja-paybras/app/code/local/DeivisonArthur/OnepageCheckout/Model/Type/Geo.php on line 3
2013-08-13T20:50:12+00:00 ERR (3): Warning: include_once(/var/www/html/paybras/loja-paybras/lib/MaxMind/GeoIP/geoipcity.inc): failed to open stream: No such file or directory  in /var/www/html/paybras/loja-paybras/app/code/local/DeivisonArthur/OnepageCheckout/Model/Type/Geo.php on line 4
2013-08-13T20:50:12+00:00 ERR (3): Warning: include_once(): Failed opening '/var/www/html/paybras/loja-paybras/lib/MaxMind/GeoIP/geoipcity.inc' for inclusion (include_path='/var/www/html/paybras/loja-paybras/app/code/local:/var/www/html/paybras/loja-paybras/app/code/community:/var/www/html/paybras/loja-paybras/app/code/core:/var/www/html/paybras/loja-paybras/lib:.:/usr/share/pear:/usr/share/php')  in /var/www/html/paybras/loja-paybras/app/code/local/DeivisonArthur/OnepageCheckout/Model/Type/Geo.php on line 4
2013-08-13T20:50:12+00:00 ERR (3): Warning: include_once(/var/www/html/paybras/loja-paybras/lib/MaxMind/GeoIP/geoipregionvars.php): failed to open stream: No such file or directory  in /var/www/html/paybras/loja-paybras/app/code/local/DeivisonArthur/OnepageCheckout/Model/Type/Geo.php on line 5
2013-08-13T20:50:12+00:00 ERR (3): Warning: include_once(): Failed opening '/var/www/html/paybras/loja-paybras/lib/MaxMind/GeoIP/geoipregionvars.php' for inclusion (include_path='/var/www/html/paybras/loja-paybras/app/code/local:/var/www/html/paybras/loja-paybras/app/code/community:/var/www/html/paybras/loja-paybras/app/code/core:/var/www/html/paybras/loja-paybras/lib:.:/usr/share/pear:/usr/share/php')  in /var/www/html/paybras/loja-paybras/app/code/local/DeivisonArthur/OnepageCheckout/Model/Type/Geo.php on line 5
2013-08-13T20:50:12+00:00 ERR (3): Strict Notice: Declaration of PedroTeixeira_Correios_Model_Carrier_CorreiosMethod::isZipCodeRequired() should be compatible with that of Mage_Shipping_Model_Carrier_Abstract::isZipCodeRequired()  in /var/www/html/paybras/loja-paybras/app/code/community/PedroTeixeira/Correios/Model/Carrier/CorreiosMethod.php on line 28
2013-08-13T20:50:12+00:00 DEBUG (7): pedroteixeira_correios [98]: Invalid Zip Code
2013-08-13T20:50:17+00:00 ERR (3): Warning: Missing argument 1 for Mage_Page_Block_Html_Head::addJs()  in /var/www/html/paybras/loja-paybras/app/code/core/Mage/Page/Block/Html/Head.php on line 66
2013-08-13T20:50:17+00:00 ERR (3): Notice: Undefined variable: name  in /var/www/html/paybras/loja-paybras/app/code/core/Mage/Page/Block/Html/Head.php on line 68
2013-08-13T20:50:17+00:00 ERR (3): Warning: Missing argument 1 for Mage_Page_Block_Html_Head::addJs()  in /var/www/html/paybras/loja-paybras/app/code/core/Mage/Page/Block/Html/Head.php on line 66
2013-08-13T20:50:17+00:00 ERR (3): Notice: Undefined variable: name  in /var/www/html/paybras/loja-paybras/app/code/core/Mage/Page/Block/Html/Head.php on line 68
2013-08-13T20:50:17+00:00 ERR (3): Warning: Missing argument 1 for Mage_Page_Block_Html_Head::addJs()  in /var/www/html/paybras/loja-paybras/app/code/core/Mage/Page/Block/Html/Head.php on line 66
2013-08-13T20:50:17+00:00 ERR (3): Notice: Undefined variable: name  in /var/www/html/paybras/loja-paybras/app/code/core/Mage/Page/Block/Html/Head.php on line 68
2013-08-13T20:50:17+00:00 ERR (3): Warning: Missing argument 1 for Mage_Page_Block_Html_Head::addJs()  in /var/www/html/paybras/loja-paybras/app/code/core/Mage/Page/Block/Html/Head.php on line 66
2013-08-13T20:50:17+00:00 ERR (3): Notice: Undefined variable: name  in /var/www/html/paybras/loja-paybras/app/code/core/Mage/Page/Block/Html/Head.php on line 68
2013-08-13T20:50:17+00:00 ERR (3): Warning: Missing argument 1 for Mage_Page_Block_Html_Head::addJs()  in /var/www/html/paybras/loja-paybras/app/code/core/Mage/Page/Block/Html/Head.php on line 66
2013-08-13T20:50:17+00:00 ERR (3): Notice: Undefined variable: name  in /var/www/html/paybras/loja-paybras/app/code/core/Mage/Page/Block/Html/Head.php on line 68
2013-08-13T20:50:17+00:00 ERR (3): Warning: Missing argument 1 for Mage_Page_Block_Html_Head::addJs()  in /var/www/html/paybras/loja-paybras/app/code/core/Mage/Page/Block/Html/Head.php on line 66
2013-08-13T20:50:17+00:00 ERR (3): Notice: Undefined variable: name  in /var/www/html/paybras/loja-paybras/app/code/core/Mage/Page/Block/Html/Head.php on line 68
2013-08-13T20:50:17+00:00 ERR (3): Warning: Missing argument 1 for Mage_Page_Block_Html_Head::addJs()  in /var/www/html/paybras/loja-paybras/app/code/core/Mage/Page/Block/Html/Head.php on line 66
2013-08-13T20:50:17+00:00 ERR (3): Notice: Undefined variable: name  in /var/www/html/paybras/loja-paybras/app/code/core/Mage/Page/Block/Html/Head.php on line 68
2013-08-13T20:50:17+00:00 ERR (3): Warning: Missing argument 1 for Mage_Page_Block_Html_Head::addJs()  in /var/www/html/paybras/loja-paybras/app/code/core/Mage/Page/Block/Html/Head.php on line 66
2013-08-13T20:50:17+00:00 ERR (3): Notice: Undefined variable: name  in /var/www/html/paybras/loja-paybras/app/code/core/Mage/Page/Block/Html/Head.php on line 68
2013-08-13T20:50:17+00:00 ERR (3): Warning: Missing argument 1 for Mage_Page_Block_Html_Head::addJs()  in /var/www/html/paybras/loja-paybras/app/code/core/Mage/Page/Block/Html/Head.php on line 66
2013-08-13T20:50:17+00:00 ERR (3): Notice: Undefined variable: name  in /var/www/html/paybras/loja-paybras/app/code/core/Mage/Page/Block/Html/Head.php on line 68
2013-08-13T20:50:17+00:00 ERR (3): Warning: Missing argument 1 for Mage_Page_Block_Html_Head::addJs()  in /var/www/html/paybras/loja-paybras/app/code/core/Mage/Page/Block/Html/Head.php on line 66
2013-08-13T20:50:17+00:00 ERR (3): Notice: Undefined variable: name  in /var/www/html/paybras/loja-paybras/app/code/core/Mage/Page/Block/Html/Head.php on line 68
2013-08-13T20:50:17+00:00 ERR (3): Warning: Missing argument 1 for Mage_Page_Block_Html_Head::addJs()  in /var/www/html/paybras/loja-paybras/app/code/core/Mage/Page/Block/Html/Head.php on line 66
2013-08-13T20:50:17+00:00 ERR (3): Notice: Undefined variable: name  in /var/www/html/paybras/loja-paybras/app/code/core/Mage/Page/Block/Html/Head.php on line 68
2013-08-13T20:50:17+00:00 ERR (3): Warning: Missing argument 1 for Mage_Page_Block_Html_Head::addJs()  in /var/www/html/paybras/loja-paybras/app/code/core/Mage/Page/Block/Html/Head.php on line 66
2013-08-13T20:50:17+00:00 ERR (3): Notice: Undefined variable: name  in /var/www/html/paybras/loja-paybras/app/code/core/Mage/Page/Block/Html/Head.php on line 68
2013-08-13T20:50:17+00:00 ERR (3): Warning: Missing argument 1 for Mage_Page_Block_Html_Head::addJs()  in /var/www/html/paybras/loja-paybras/app/code/core/Mage/Page/Block/Html/Head.php on line 66
2013-08-13T20:50:17+00:00 ERR (3): Notice: Undefined variable: name  in /var/www/html/paybras/loja-paybras/app/code/core/Mage/Page/Block/Html/Head.php on line 68
2013-08-13T20:50:17+00:00 ERR (3): Warning: Missing argument 1 for Mage_Page_Block_Html_Head::addCss()  in /var/www/html/paybras/loja-paybras/app/code/core/Mage/Page/Block/Html/Head.php on line 53
2013-08-13T20:50:17+00:00 ERR (3): Notice: Undefined variable: name  in /var/www/html/paybras/loja-paybras/app/code/core/Mage/Page/Block/Html/Head.php on line 55
2013-08-13T20:50:17+00:00 ERR (3): Warning: Missing argument 1 for Mage_Page_Block_Html_Head::addItem()  in /var/www/html/paybras/loja-paybras/app/code/core/Mage/Page/Block/Html/Head.php on line 128
2013-08-13T20:50:17+00:00 ERR (3): Warning: Missing argument 2 for Mage_Page_Block_Html_Head::addItem()  in /var/www/html/paybras/loja-paybras/app/code/core/Mage/Page/Block/Html/Head.php on line 128
2013-08-13T20:50:17+00:00 ERR (3): Notice: Undefined variable: type  in /var/www/html/paybras/loja-paybras/app/code/core/Mage/Page/Block/Html/Head.php on line 130
2013-08-13T20:50:17+00:00 ERR (3): Notice: Undefined variable: type  in /var/www/html/paybras/loja-paybras/app/code/core/Mage/Page/Block/Html/Head.php on line 133
2013-08-13T20:50:17+00:00 ERR (3): Notice: Undefined variable: name  in /var/www/html/paybras/loja-paybras/app/code/core/Mage/Page/Block/Html/Head.php on line 133
2013-08-13T20:50:17+00:00 ERR (3): Notice: Undefined variable: type  in /var/www/html/paybras/loja-paybras/app/code/core/Mage/Page/Block/Html/Head.php on line 134
2013-08-13T20:50:17+00:00 ERR (3): Notice: Undefined variable: name  in /var/www/html/paybras/loja-paybras/app/code/core/Mage/Page/Block/Html/Head.php on line 135
2013-08-13T20:50:17+00:00 ERR (3): Warning: Missing argument 1 for Mage_Page_Block_Html_Head::addCss()  in /var/www/html/paybras/loja-paybras/app/code/core/Mage/Page/Block/Html/Head.php on line 53
2013-08-13T20:50:17+00:00 ERR (3): Notice: Undefined variable: name  in /var/www/html/paybras/loja-paybras/app/code/core/Mage/Page/Block/Html/Head.php on line 55
2013-08-13T20:50:17+00:00 ERR (3): Warning: Missing argument 1 for Mage_Page_Block_Html_Head::addCss()  in /var/www/html/paybras/loja-paybras/app/code/core/Mage/Page/Block/Html/Head.php on line 53
2013-08-13T20:50:17+00:00 ERR (3): Notice: Undefined variable: name  in /var/www/html/paybras/loja-paybras/app/code/core/Mage/Page/Block/Html/Head.php on line 55
2013-08-13T20:50:17+00:00 ERR (3): Warning: Missing argument 1 for Mage_Page_Block_Html_Head::addItem()  in /var/www/html/paybras/loja-paybras/app/code/core/Mage/Page/Block/Html/Head.php on line 128
2013-08-13T20:50:17+00:00 ERR (3): Warning: Missing argument 2 for Mage_Page_Block_Html_Head::addItem()  in /var/www/html/paybras/loja-paybras/app/code/core/Mage/Page/Block/Html/Head.php on line 128
2013-08-13T20:50:17+00:00 ERR (3): Notice: Undefined variable: type  in /var/www/html/paybras/loja-paybras/app/code/core/Mage/Page/Block/Html/Head.php on line 130
2013-08-13T20:50:17+00:00 ERR (3): Notice: Undefined variable: type  in /var/www/html/paybras/loja-paybras/app/code/core/Mage/Page/Block/Html/Head.php on line 133
2013-08-13T20:50:17+00:00 ERR (3): Notice: Undefined variable: name  in /var/www/html/paybras/loja-paybras/app/code/core/Mage/Page/Block/Html/Head.php on line 133
2013-08-13T20:50:17+00:00 ERR (3): Notice: Undefined variable: type  in /var/www/html/paybras/loja-paybras/app/code/core/Mage/Page/Block/Html/Head.php on line 134
2013-08-13T20:50:17+00:00 ERR (3): Notice: Undefined variable: name  in /var/www/html/paybras/loja-paybras/app/code/core/Mage/Page/Block/Html/Head.php on line 135
2013-08-13T20:50:17+00:00 ERR (3): Warning: Missing argument 1 for Mage_Page_Block_Html_Head::addItem()  in /var/www/html/paybras/loja-paybras/app/code/core/Mage/Page/Block/Html/Head.php on line 128
2013-08-13T20:50:17+00:00 ERR (3): Warning: Missing argument 2 for Mage_Page_Block_Html_Head::addItem()  in /var/www/html/paybras/loja-paybras/app/code/core/Mage/Page/Block/Html/Head.php on line 128
2013-08-13T20:50:17+00:00 ERR (3): Notice: Undefined variable: type  in /var/www/html/paybras/loja-paybras/app/code/core/Mage/Page/Block/Html/Head.php on line 130
2013-08-13T20:50:17+00:00 ERR (3): Notice: Undefined variable: type  in /var/www/html/paybras/loja-paybras/app/code/core/Mage/Page/Block/Html/Head.php on line 133
2013-08-13T20:50:17+00:00 ERR (3): Notice: Undefined variable: name  in /var/www/html/paybras/loja-paybras/app/code/core/Mage/Page/Block/Html/Head.php on line 133
2013-08-13T20:50:17+00:00 ERR (3): Notice: Undefined variable: type  in /var/www/html/paybras/loja-paybras/app/code/core/Mage/Page/Block/Html/Head.php on line 134
2013-08-13T20:50:17+00:00 ERR (3): Notice: Undefined variable: name  in /var/www/html/paybras/loja-paybras/app/code/core/Mage/Page/Block/Html/Head.php on line 135
2013-08-13T20:50:17+00:00 ERR (3): Warning: Missing argument 1 for Mage_Page_Block_Template_Links::addLink()  in /var/www/html/paybras/loja-paybras/app/code/core/Mage/Page/Block/Template/Links.php on line 85
2013-08-13T20:50:17+00:00 ERR (3): Notice: Undefined variable: label  in /var/www/html/paybras/loja-paybras/app/code/core/Mage/Page/Block/Template/Links.php on line 88
2013-08-13T20:50:17+00:00 ERR (3): Warning: Missing argument 1 for Mage_Page_Block_Template_Links::addLink()  in /var/www/html/paybras/loja-paybras/app/code/core/Mage/Page/Block/Template/Links.php on line 85
2013-08-13T20:50:17+00:00 ERR (3): Notice: Undefined variable: label  in /var/www/html/paybras/loja-paybras/app/code/core/Mage/Page/Block/Template/Links.php on line 88
2013-08-13T20:50:17+00:00 ERR (3): Warning: Missing argument 1 for Mage_Catalog_Block_Product_Price_Template::addPriceBlockType()  in /var/www/html/paybras/loja-paybras/app/code/core/Mage/Catalog/Block/Product/Price/Template.php on line 65
2013-08-13T20:50:17+00:00 ERR (3): Notice: Undefined variable: type  in /var/www/html/paybras/loja-paybras/app/code/core/Mage/Catalog/Block/Product/Price/Template.php on line 67
2013-08-13T20:50:17+00:00 ERR (3): Warning: Missing argument 1 for Mage_Catalog_Block_Product_Price_Template::addPriceBlockType()  in /var/www/html/paybras/loja-paybras/app/code/core/Mage/Catalog/Block/Product/Price/Template.php on line 65
2013-08-13T20:50:17+00:00 ERR (3): Notice: Undefined variable: type  in /var/www/html/paybras/loja-paybras/app/code/core/Mage/Catalog/Block/Product/Price/Template.php on line 67
2013-08-13T20:50:17+00:00 ERR (3): Warning: Missing argument 1 for Mage_Catalog_Block_Product_Price_Template::addPriceBlockType()  in /var/www/html/paybras/loja-paybras/app/code/core/Mage/Catalog/Block/Product/Price/Template.php on line 65
2013-08-13T20:50:17+00:00 ERR (3): Notice: Undefined variable: type  in /var/www/html/paybras/loja-paybras/app/code/core/Mage/Catalog/Block/Product/Price/Template.php on line 67
2013-08-13T20:50:17+00:00 ERR (3): Warning: Missing argument 1 for Mage_Page_Block_Template_Links::addLink()  in /var/www/html/paybras/loja-paybras/app/code/core/Mage/Page/Block/Template/Links.php on line 85
2013-08-13T20:50:17+00:00 ERR (3): Notice: Undefined variable: label  in /var/www/html/paybras/loja-paybras/app/code/core/Mage/Page/Block/Template/Links.php on line 88
2013-08-13T20:50:17+00:00 ERR (3): Warning: Missing argument 1 for Mage_Page_Block_Template_Links::addLink()  in /var/www/html/paybras/loja-paybras/app/code/core/Mage/Page/Block/Template/Links.php on line 85
2013-08-13T20:50:17+00:00 ERR (3): Notice: Undefined variable: label  in /var/www/html/paybras/loja-paybras/app/code/core/Mage/Page/Block/Template/Links.php on line 88
2013-08-13T20:50:17+00:00 ERR (3): Warning: Missing argument 1 for Mage_Page_Block_Template_Links::addLinkBlock()  in /var/www/html/paybras/loja-paybras/app/code/core/Mage/Page/Block/Template/Links.php on line 115
2013-08-13T20:50:17+00:00 ERR (3): Notice: Undefined variable: blockName  in /var/www/html/paybras/loja-paybras/app/code/core/Mage/Page/Block/Template/Links.php on line 117
2013-08-13T20:50:17+00:00 ERR (3): Warning: Missing argument 1 for Mage_Checkout_Block_Cart_Abstract::addItemRender()  in /var/www/html/paybras/loja-paybras/app/code/core/Mage/Checkout/Block/Cart/Abstract.php on line 57
2013-08-13T20:50:17+00:00 ERR (3): Warning: Missing argument 2 for Mage_Checkout_Block_Cart_Abstract::addItemRender()  in /var/www/html/paybras/loja-paybras/app/code/core/Mage/Checkout/Block/Cart/Abstract.php on line 57
2013-08-13T20:50:17+00:00 ERR (3): Warning: Missing argument 3 for Mage_Checkout_Block_Cart_Abstract::addItemRender()  in /var/www/html/paybras/loja-paybras/app/code/core/Mage/Checkout/Block/Cart/Abstract.php on line 57
2013-08-13T20:50:17+00:00 ERR (3): Notice: Undefined variable: blockType  in /var/www/html/paybras/loja-paybras/app/code/core/Mage/Checkout/Block/Cart/Abstract.php on line 60
2013-08-13T20:50:17+00:00 ERR (3): Notice: Undefined variable: template  in /var/www/html/paybras/loja-paybras/app/code/core/Mage/Checkout/Block/Cart/Abstract.php on line 61
2013-08-13T20:50:17+00:00 ERR (3): Notice: Undefined variable: productType  in /var/www/html/paybras/loja-paybras/app/code/core/Mage/Checkout/Block/Cart/Abstract.php on line 59
2013-08-13T20:50:17+00:00 ERR (3): Warning: Missing argument 1 for Mage_Checkout_Block_Cart_Abstract::addItemRender()  in /var/www/html/paybras/loja-paybras/app/code/core/Mage/Checkout/Block/Cart/Abstract.php on line 57
2013-08-13T20:50:17+00:00 ERR (3): Warning: Missing argument 2 for Mage_Checkout_Block_Cart_Abstract::addItemRender()  in /var/www/html/paybras/loja-paybras/app/code/core/Mage/Checkout/Block/Cart/Abstract.php on line 57
2013-08-13T20:50:17+00:00 ERR (3): Warning: Missing argument 3 for Mage_Checkout_Block_Cart_Abstract::addItemRender()  in /var/www/html/paybras/loja-paybras/app/code/core/Mage/Checkout/Block/Cart/Abstract.php on line 57
2013-08-13T20:50:17+00:00 ERR (3): Notice: Undefined variable: blockType  in /var/www/html/paybras/loja-paybras/app/code/core/Mage/Checkout/Block/Cart/Abstract.php on line 60
2013-08-13T20:50:17+00:00 ERR (3): Notice: Undefined variable: template  in /var/www/html/paybras/loja-paybras/app/code/core/Mage/Checkout/Block/Cart/Abstract.php on line 61
2013-08-13T20:50:17+00:00 ERR (3): Notice: Undefined variable: productType  in /var/www/html/paybras/loja-paybras/app/code/core/Mage/Checkout/Block/Cart/Abstract.php on line 59
2013-08-13T20:50:17+00:00 ERR (3): Warning: Missing argument 1 for Mage_Checkout_Block_Cart_Abstract::addItemRender()  in /var/www/html/paybras/loja-paybras/app/code/core/Mage/Checkout/Block/Cart/Abstract.php on line 57
2013-08-13T20:50:17+00:00 ERR (3): Warning: Missing argument 2 for Mage_Checkout_Block_Cart_Abstract::addItemRender()  in /var/www/html/paybras/loja-paybras/app/code/core/Mage/Checkout/Block/Cart/Abstract.php on line 57
2013-08-13T20:50:17+00:00 ERR (3): Warning: Missing argument 3 for Mage_Checkout_Block_Cart_Abstract::addItemRender()  in /var/www/html/paybras/loja-paybras/app/code/core/Mage/Checkout/Block/Cart/Abstract.php on line 57
2013-08-13T20:50:17+00:00 ERR (3): Notice: Undefined variable: blockType  in /var/www/html/paybras/loja-paybras/app/code/core/Mage/Checkout/Block/Cart/Abstract.php on line 60
2013-08-13T20:50:17+00:00 ERR (3): Notice: Undefined variable: template  in /var/www/html/paybras/loja-paybras/app/code/core/Mage/Checkout/Block/Cart/Abstract.php on line 61
2013-08-13T20:50:17+00:00 ERR (3): Notice: Undefined variable: productType  in /var/www/html/paybras/loja-paybras/app/code/core/Mage/Checkout/Block/Cart/Abstract.php on line 59
2013-08-13T20:50:17+00:00 ERR (3): Warning: Missing argument 1 for Mage_Poll_Block_ActivePoll::setPollTemplate()  in /var/www/html/paybras/loja-paybras/app/code/core/Mage/Poll/Block/ActivePoll.php on line 194
2013-08-13T20:50:17+00:00 ERR (3): Warning: Missing argument 2 for Mage_Poll_Block_ActivePoll::setPollTemplate()  in /var/www/html/paybras/loja-paybras/app/code/core/Mage/Poll/Block/ActivePoll.php on line 194
2013-08-13T20:50:17+00:00 ERR (3): Notice: Undefined variable: type  in /var/www/html/paybras/loja-paybras/app/code/core/Mage/Poll/Block/ActivePoll.php on line 196
2013-08-13T20:50:17+00:00 ERR (3): Notice: Undefined variable: template  in /var/www/html/paybras/loja-paybras/app/code/core/Mage/Poll/Block/ActivePoll.php on line 196
2013-08-13T20:50:17+00:00 ERR (3): Warning: Missing argument 1 for Mage_Poll_Block_ActivePoll::setPollTemplate()  in /var/www/html/paybras/loja-paybras/app/code/core/Mage/Poll/Block/ActivePoll.php on line 194
2013-08-13T20:50:17+00:00 ERR (3): Warning: Missing argument 2 for Mage_Poll_Block_ActivePoll::setPollTemplate()  in /var/www/html/paybras/loja-paybras/app/code/core/Mage/Poll/Block/ActivePoll.php on line 194
2013-08-13T20:50:17+00:00 ERR (3): Notice: Undefined variable: type  in /var/www/html/paybras/loja-paybras/app/code/core/Mage/Poll/Block/ActivePoll.php on line 196
2013-08-13T20:50:17+00:00 ERR (3): Notice: Undefined variable: template  in /var/www/html/paybras/loja-paybras/app/code/core/Mage/Poll/Block/ActivePoll.php on line 196
2013-08-13T20:50:17+00:00 ERR (3): Warning: Missing argument 1 for Mage_Page_Block_Template_Links::addLinkBlock()  in /var/www/html/paybras/loja-paybras/app/code/core/Mage/Page/Block/Template/Links.php on line 115
2013-08-13T20:50:17+00:00 ERR (3): Notice: Undefined variable: blockName  in /var/www/html/paybras/loja-paybras/app/code/core/Mage/Page/Block/Template/Links.php on line 117
2013-08-13T20:50:17+00:00 ERR (3): Warning: Missing argument 1 for Mage_Page_Block_Template_Links::addLink()  in /var/www/html/paybras/loja-paybras/app/code/core/Mage/Page/Block/Template/Links.php on line 85
2013-08-13T20:50:17+00:00 ERR (3): Notice: Undefined variable: label  in /var/www/html/paybras/loja-paybras/app/code/core/Mage/Page/Block/Template/Links.php on line 88
2013-08-13T20:50:17+00:00 ERR (3): Warning: Missing argument 1 for Mage_Checkout_Block_Cart_Abstract::addItemRender()  in /var/www/html/paybras/loja-paybras/app/code/core/Mage/Checkout/Block/Cart/Abstract.php on line 57
2013-08-13T20:50:17+00:00 ERR (3): Warning: Missing argument 2 for Mage_Checkout_Block_Cart_Abstract::addItemRender()  in /var/www/html/paybras/loja-paybras/app/code/core/Mage/Checkout/Block/Cart/Abstract.php on line 57
2013-08-13T20:50:17+00:00 ERR (3): Warning: Missing argument 3 for Mage_Checkout_Block_Cart_Abstract::addItemRender()  in /var/www/html/paybras/loja-paybras/app/code/core/Mage/Checkout/Block/Cart/Abstract.php on line 57
2013-08-13T20:50:17+00:00 ERR (3): Notice: Undefined variable: blockType  in /var/www/html/paybras/loja-paybras/app/code/core/Mage/Checkout/Block/Cart/Abstract.php on line 60
2013-08-13T20:50:17+00:00 ERR (3): Notice: Undefined variable: template  in /var/www/html/paybras/loja-paybras/app/code/core/Mage/Checkout/Block/Cart/Abstract.php on line 61
2013-08-13T20:50:17+00:00 ERR (3): Notice: Undefined variable: productType  in /var/www/html/paybras/loja-paybras/app/code/core/Mage/Checkout/Block/Cart/Abstract.php on line 59
2013-08-13T20:50:17+00:00 ERR (3): Warning: Missing argument 1 for Mage_Catalog_Block_Product_Abstract::addPriceBlockType()  in /var/www/html/paybras/loja-paybras/app/code/core/Mage/Catalog/Block/Product/Abstract.php on line 232
2013-08-13T20:50:17+00:00 ERR (3): Notice: Undefined variable: type  in /var/www/html/paybras/loja-paybras/app/code/core/Mage/Catalog/Block/Product/Abstract.php on line 234
2013-08-13T20:50:17+00:00 ERR (3): Warning: Missing argument 1 for Mage_Catalog_Block_Product_Price_Template::addPriceBlockType()  in /var/www/html/paybras/loja-paybras/app/code/core/Mage/Catalog/Block/Product/Price/Template.php on line 65
2013-08-13T20:50:17+00:00 ERR (3): Notice: Undefined variable: type  in /var/www/html/paybras/loja-paybras/app/code/core/Mage/Catalog/Block/Product/Price/Template.php on line 67
2013-08-13T20:50:17+00:00 ERR (3): Warning: Missing argument 1 for Mage_Page_Block_Html_Head::addItem()  in /var/www/html/paybras/loja-paybras/app/code/core/Mage/Page/Block/Html/Head.php on line 128
2013-08-13T20:50:17+00:00 ERR (3): Warning: Missing argument 2 for Mage_Page_Block_Html_Head::addItem()  in /var/www/html/paybras/loja-paybras/app/code/core/Mage/Page/Block/Html/Head.php on line 128
2013-08-13T20:50:17+00:00 ERR (3): Notice: Undefined variable: type  in /var/www/html/paybras/loja-paybras/app/code/core/Mage/Page/Block/Html/Head.php on line 130
2013-08-13T20:50:17+00:00 ERR (3): Notice: Undefined variable: type  in /var/www/html/paybras/loja-paybras/app/code/core/Mage/Page/Block/Html/Head.php on line 133
2013-08-13T20:50:17+00:00 ERR (3): Notice: Undefined variable: name  in /var/www/html/paybras/loja-paybras/app/code/core/Mage/Page/Block/Html/Head.php on line 133
2013-08-13T20:50:17+00:00 ERR (3): Notice: Undefined variable: type  in /var/www/html/paybras/loja-paybras/app/code/core/Mage/Page/Block/Html/Head.php on line 134
2013-08-13T20:50:17+00:00 ERR (3): Notice: Undefined variable: name  in /var/www/html/paybras/loja-paybras/app/code/core/Mage/Page/Block/Html/Head.php on line 135
2013-08-13T20:50:17+00:00 ERR (3): Warning: Missing argument 1 for Mage_Page_Block_Html_Head::addItem()  in /var/www/html/paybras/loja-paybras/app/code/core/Mage/Page/Block/Html/Head.php on line 128
2013-08-13T20:50:17+00:00 ERR (3): Warning: Missing argument 2 for Mage_Page_Block_Html_Head::addItem()  in /var/www/html/paybras/loja-paybras/app/code/core/Mage/Page/Block/Html/Head.php on line 128
2013-08-13T20:50:17+00:00 ERR (3): Notice: Undefined variable: type  in /var/www/html/paybras/loja-paybras/app/code/core/Mage/Page/Block/Html/Head.php on line 130
2013-08-13T20:50:17+00:00 ERR (3): Notice: Undefined variable: type  in /var/www/html/paybras/loja-paybras/app/code/core/Mage/Page/Block/Html/Head.php on line 133
2013-08-13T20:50:17+00:00 ERR (3): Notice: Undefined variable: name  in /var/www/html/paybras/loja-paybras/app/code/core/Mage/Page/Block/Html/Head.php on line 133
2013-08-13T20:50:17+00:00 ERR (3): Notice: Undefined variable: type  in /var/www/html/paybras/loja-paybras/app/code/core/Mage/Page/Block/Html/Head.php on line 134
2013-08-13T20:50:17+00:00 ERR (3): Notice: Undefined variable: name  in /var/www/html/paybras/loja-paybras/app/code/core/Mage/Page/Block/Html/Head.php on line 135
2013-08-13T20:50:17+00:00 ERR (3): Warning: Missing argument 1 for Mage_Page_Block_Html_Head::addItem()  in /var/www/html/paybras/loja-paybras/app/code/core/Mage/Page/Block/Html/Head.php on line 128
2013-08-13T20:50:17+00:00 ERR (3): Warning: Missing argument 2 for Mage_Page_Block_Html_Head::addItem()  in /var/www/html/paybras/loja-paybras/app/code/core/Mage/Page/Block/Html/Head.php on line 128
2013-08-13T20:50:17+00:00 ERR (3): Notice: Undefined variable: type  in /var/www/html/paybras/loja-paybras/app/code/core/Mage/Page/Block/Html/Head.php on line 130
2013-08-13T20:50:17+00:00 ERR (3): Notice: Undefined variable: type  in /var/www/html/paybras/loja-paybras/app/code/core/Mage/Page/Block/Html/Head.php on line 133
2013-08-13T20:50:17+00:00 ERR (3): Notice: Undefined variable: name  in /var/www/html/paybras/loja-paybras/app/code/core/Mage/Page/Block/Html/Head.php on line 133
2013-08-13T20:50:17+00:00 ERR (3): Notice: Undefined variable: type  in /var/www/html/paybras/loja-paybras/app/code/core/Mage/Page/Block/Html/Head.php on line 134
2013-08-13T20:50:17+00:00 ERR (3): Notice: Undefined variable: name  in /var/www/html/paybras/loja-paybras/app/code/core/Mage/Page/Block/Html/Head.php on line 135
2013-08-13T20:50:17+00:00 ERR (3): Warning: Missing argument 1 for Mage_Core_Block_Template::setTemplate()  in /var/www/html/paybras/loja-paybras/app/code/core/Mage/Core/Block/Template.php on line 111
2013-08-13T20:50:17+00:00 ERR (3): Notice: Undefined variable: template  in /var/www/html/paybras/loja-paybras/app/code/core/Mage/Core/Block/Template.php on line 113
2013-08-13T20:50:17+00:00 ERR (3): Warning: Missing argument 1 for Mage_Page_Block_Template_Links::addLink()  in /var/www/html/paybras/loja-paybras/app/code/core/Mage/Page/Block/Template/Links.php on line 85
2013-08-13T20:50:17+00:00 ERR (3): Notice: Undefined variable: label  in /var/www/html/paybras/loja-paybras/app/code/core/Mage/Page/Block/Template/Links.php on line 88
2013-08-13T20:50:17+00:00 ERR (3): Warning: Missing argument 1 for Mage_Catalog_Block_Product_Abstract::addPriceBlockType()  in /var/www/html/paybras/loja-paybras/app/code/core/Mage/Catalog/Block/Product/Abstract.php on line 232
2013-08-13T20:50:17+00:00 ERR (3): Notice: Undefined variable: type  in /var/www/html/paybras/loja-paybras/app/code/core/Mage/Catalog/Block/Product/Abstract.php on line 234
2013-08-13T20:50:17+00:00 ERR (3): Warning: Missing argument 1 for Mage_Catalog_Block_Product_Abstract::addPriceBlockType()  in /var/www/html/paybras/loja-paybras/app/code/core/Mage/Catalog/Block/Product/Abstract.php on line 232
2013-08-13T20:50:17+00:00 ERR (3): Notice: Undefined variable: type  in /var/www/html/paybras/loja-paybras/app/code/core/Mage/Catalog/Block/Product/Abstract.php on line 234
2013-08-13T20:50:17+00:00 ERR (3): Warning: Missing argument 1 for Mage_Catalog_Block_Product_Abstract::addPriceBlockType()  in /var/www/html/paybras/loja-paybras/app/code/core/Mage/Catalog/Block/Product/Abstract.php on line 232
2013-08-13T20:50:17+00:00 ERR (3): Notice: Undefined variable: type  in /var/www/html/paybras/loja-paybras/app/code/core/Mage/Catalog/Block/Product/Abstract.php on line 234
2013-08-13T20:50:17+00:00 ERR (3): Warning: Missing argument 1 for Mage_Core_Block_Abstract::unsetChild()  in /var/www/html/paybras/loja-paybras/app/code/core/Mage/Core/Block/Abstract.php on line 419
2013-08-13T20:50:17+00:00 ERR (3): Notice: Undefined variable: alias  in /var/www/html/paybras/loja-paybras/app/code/core/Mage/Core/Block/Abstract.php on line 421
2013-08-13T20:50:17+00:00 ERR (3): Warning: Missing argument 1 for Mage_Core_Block_Abstract::unsetChild()  in /var/www/html/paybras/loja-paybras/app/code/core/Mage/Core/Block/Abstract.php on line 419
2013-08-13T20:50:17+00:00 ERR (3): Notice: Undefined variable: alias  in /var/www/html/paybras/loja-paybras/app/code/core/Mage/Core/Block/Abstract.php on line 421
2013-08-13T20:50:18+00:00 ERR (3): Notice: Undefined index: poll  in /var/www/html/paybras/loja-paybras/app/code/core/Mage/Poll/Block/ActivePoll.php on line 223
2013-08-13T20:50:53+00:00 ERR (3): Warning: Missing argument 1 for Mage_Page_Block_Html_Head::setTitle()  in /var/www/html/paybras/loja-paybras/app/code/core/Mage/Page/Block/Html/Head.php on line 388
2013-08-13T20:50:53+00:00 ERR (3): Notice: Undefined variable: title  in /var/www/html/paybras/loja-paybras/app/code/core/Mage/Page/Block/Html/Head.php on line 391
2013-08-13T20:50:53+00:00 ERR (3): Warning: Missing argument 1 for Mage_Page_Block_Html_Head::addJs()  in /var/www/html/paybras/loja-paybras/app/code/core/Mage/Page/Block/Html/Head.php on line 66
2013-08-13T20:50:53+00:00 ERR (3): Notice: Undefined variable: name  in /var/www/html/paybras/loja-paybras/app/code/core/Mage/Page/Block/Html/Head.php on line 68
2013-08-13T20:50:53+00:00 ERR (3): Warning: Missing argument 1 for Mage_Page_Block_Html_Head::addItem()  in /var/www/html/paybras/loja-paybras/app/code/core/Mage/Page/Block/Html/Head.php on line 128
2013-08-13T20:50:53+00:00 ERR (3): Warning: Missing argument 2 for Mage_Page_Block_Html_Head::addItem()  in /var/www/html/paybras/loja-paybras/app/code/core/Mage/Page/Block/Html/Head.php on line 128
2013-08-13T20:50:53+00:00 ERR (3): Notice: Undefined variable: type  in /var/www/html/paybras/loja-paybras/app/code/core/Mage/Page/Block/Html/Head.php on line 130
2013-08-13T20:50:53+00:00 ERR (3): Notice: Undefined variable: type  in /var/www/html/paybras/loja-paybras/app/code/core/Mage/Page/Block/Html/Head.php on line 133
2013-08-13T20:50:53+00:00 ERR (3): Notice: Undefined variable: name  in /var/www/html/paybras/loja-paybras/app/code/core/Mage/Page/Block/Html/Head.php on line 133
2013-08-13T20:50:53+00:00 ERR (3): Notice: Undefined variable: type  in /var/www/html/paybras/loja-paybras/app/code/core/Mage/Page/Block/Html/Head.php on line 134
2013-08-13T20:50:53+00:00 ERR (3): Notice: Undefined variable: name  in /var/www/html/paybras/loja-paybras/app/code/core/Mage/Page/Block/Html/Head.php on line 135
2013-08-13T20:50:53+00:00 ERR (3): Warning: Missing argument 1 for Mage_Page_Block_Html_Head::addJs()  in /var/www/html/paybras/loja-paybras/app/code/core/Mage/Page/Block/Html/Head.php on line 66
2013-08-13T20:50:53+00:00 ERR (3): Notice: Undefined variable: name  in /var/www/html/paybras/loja-paybras/app/code/core/Mage/Page/Block/Html/Head.php on line 68
2013-08-13T20:50:53+00:00 ERR (3): Warning: Missing argument 1 for Mage_Page_Block_Html_Head::addJs()  in /var/www/html/paybras/loja-paybras/app/code/core/Mage/Page/Block/Html/Head.php on line 66
2013-08-13T20:50:53+00:00 ERR (3): Notice: Undefined variable: name  in /var/www/html/paybras/loja-paybras/app/code/core/Mage/Page/Block/Html/Head.php on line 68
2013-08-13T20:50:53+00:00 ERR (3): Warning: Missing argument 1 for Mage_Page_Block_Html_Head::addJs()  in /var/www/html/paybras/loja-paybras/app/code/core/Mage/Page/Block/Html/Head.php on line 66
2013-08-13T20:50:53+00:00 ERR (3): Notice: Undefined variable: name  in /var/www/html/paybras/loja-paybras/app/code/core/Mage/Page/Block/Html/Head.php on line 68
2013-08-13T20:50:53+00:00 ERR (3): Warning: Missing argument 1 for Mage_Page_Block_Html_Head::addJs()  in /var/www/html/paybras/loja-paybras/app/code/core/Mage/Page/Block/Html/Head.php on line 66
2013-08-13T20:50:53+00:00 ERR (3): Notice: Undefined variable: name  in /var/www/html/paybras/loja-paybras/app/code/core/Mage/Page/Block/Html/Head.php on line 68
2013-08-13T20:50:53+00:00 ERR (3): Warning: Missing argument 1 for Mage_Page_Block_Html_Head::addJs()  in /var/www/html/paybras/loja-paybras/app/code/core/Mage/Page/Block/Html/Head.php on line 66
2013-08-13T20:50:53+00:00 ERR (3): Notice: Undefined variable: name  in /var/www/html/paybras/loja-paybras/app/code/core/Mage/Page/Block/Html/Head.php on line 68
2013-08-13T20:50:53+00:00 ERR (3): Warning: Missing argument 1 for Mage_Page_Block_Html_Head::addJs()  in /var/www/html/paybras/loja-paybras/app/code/core/Mage/Page/Block/Html/Head.php on line 66
2013-08-13T20:50:53+00:00 ERR (3): Notice: Undefined variable: name  in /var/www/html/paybras/loja-paybras/app/code/core/Mage/Page/Block/Html/Head.php on line 68
2013-08-13T20:50:53+00:00 ERR (3): Warning: Missing argument 1 for Mage_Page_Block_Html_Head::addJs()  in /var/www/html/paybras/loja-paybras/app/code/core/Mage/Page/Block/Html/Head.php on line 66
2013-08-13T20:50:53+00:00 ERR (3): Notice: Undefined variable: name  in /var/www/html/paybras/loja-paybras/app/code/core/Mage/Page/Block/Html/Head.php on line 68
2013-08-13T20:50:53+00:00 ERR (3): Warning: Missing argument 1 for Mage_Page_Block_Html_Head::addJs()  in /var/www/html/paybras/loja-paybras/app/code/core/Mage/Page/Block/Html/Head.php on line 66
2013-08-13T20:50:53+00:00 ERR (3): Notice: Undefined variable: name  in /var/www/html/paybras/loja-paybras/app/code/core/Mage/Page/Block/Html/Head.php on line 68
2013-08-13T20:50:53+00:00 ERR (3): Warning: Missing argument 1 for Mage_Page_Block_Html_Head::addJs()  in /var/www/html/paybras/loja-paybras/app/code/core/Mage/Page/Block/Html/Head.php on line 66
2013-08-13T20:50:53+00:00 ERR (3): Notice: Undefined variable: name  in /var/www/html/paybras/loja-paybras/app/code/core/Mage/Page/Block/Html/Head.php on line 68
2013-08-13T20:50:53+00:00 ERR (3): Warning: Missing argument 1 for Mage_Page_Block_Html_Head::addJs()  in /var/www/html/paybras/loja-paybras/app/code/core/Mage/Page/Block/Html/Head.php on line 66
2013-08-13T20:50:53+00:00 ERR (3): Notice: Undefined variable: name  in /var/www/html/paybras/loja-paybras/app/code/core/Mage/Page/Block/Html/Head.php on line 68
2013-08-13T20:50:53+00:00 ERR (3): Warning: Missing argument 1 for Mage_Page_Block_Html_Head::addJs()  in /var/www/html/paybras/loja-paybras/app/code/core/Mage/Page/Block/Html/Head.php on line 66
2013-08-13T20:50:53+00:00 ERR (3): Notice: Undefined variable: name  in /var/www/html/paybras/loja-paybras/app/code/core/Mage/Page/Block/Html/Head.php on line 68
2013-08-13T20:50:53+00:00 ERR (3): Warning: Missing argument 1 for Mage_Page_Block_Html_Head::addJs()  in /var/www/html/paybras/loja-paybras/app/code/core/Mage/Page/Block/Html/Head.php on line 66
2013-08-13T20:50:53+00:00 ERR (3): Notice: Undefined variable: name  in /var/www/html/paybras/loja-paybras/app/code/core/Mage/Page/Block/Html/Head.php on line 68
2013-08-13T20:50:53+00:00 ERR (3): Warning: Missing argument 1 for Mage_Page_Block_Html_Head::addJs()  in /var/www/html/paybras/loja-paybras/app/code/core/Mage/Page/Block/Html/Head.php on line 66
2013-08-13T20:50:53+00:00 ERR (3): Notice: Undefined variable: name  in /var/www/html/paybras/loja-paybras/app/code/core/Mage/Page/Block/Html/Head.php on line 68
2013-08-13T20:50:53+00:00 ERR (3): Warning: Missing argument 1 for Mage_Page_Block_Html_Head::addJs()  in /var/www/html/paybras/loja-paybras/app/code/core/Mage/Page/Block/Html/Head.php on line 66
2013-08-13T20:50:53+00:00 ERR (3): Notice: Undefined variable: name  in /var/www/html/paybras/loja-paybras/app/code/core/Mage/Page/Block/Html/Head.php on line 68
2013-08-13T20:50:53+00:00 ERR (3): Warning: Missing argument 1 for Mage_Page_Block_Html_Head::addJs()  in /var/www/html/paybras/loja-paybras/app/code/core/Mage/Page/Block/Html/Head.php on line 66
2013-08-13T20:50:53+00:00 ERR (3): Notice: Undefined variable: name  in /var/www/html/paybras/loja-paybras/app/code/core/Mage/Page/Block/Html/Head.php on line 68
2013-08-13T20:50:53+00:00 ERR (3): Warning: Missing argument 1 for Mage_Page_Block_Html_Head::addJs()  in /var/www/html/paybras/loja-paybras/app/code/core/Mage/Page/Block/Html/Head.php on line 66
2013-08-13T20:50:53+00:00 ERR (3): Notice: Undefined variable: name  in /var/www/html/paybras/loja-paybras/app/code/core/Mage/Page/Block/Html/Head.php on line 68
2013-08-13T20:50:53+00:00 ERR (3): Warning: Missing argument 1 for Mage_Page_Block_Html_Head::addJs()  in /var/www/html/paybras/loja-paybras/app/code/core/Mage/Page/Block/Html/Head.php on line 66
2013-08-13T20:50:53+00:00 ERR (3): Notice: Undefined variable: name  in /var/www/html/paybras/loja-paybras/app/code/core/Mage/Page/Block/Html/Head.php on line 68
2013-08-13T20:50:53+00:00 ERR (3): Warning: Missing argument 1 for Mage_Page_Block_Html_Head::addJs()  in /var/www/html/paybras/loja-paybras/app/code/core/Mage/Page/Block/Html/Head.php on line 66
2013-08-13T20:50:53+00:00 ERR (3): Notice: Undefined variable: name  in /var/www/html/paybras/loja-paybras/app/code/core/Mage/Page/Block/Html/Head.php on line 68
2013-08-13T20:50:53+00:00 ERR (3): Warning: Missing argument 1 for Mage_Page_Block_Html_Head::addJs()  in /var/www/html/paybras/loja-paybras/app/code/core/Mage/Page/Block/Html/Head.php on line 66
2013-08-13T20:50:53+00:00 ERR (3): Notice: Undefined variable: name  in /var/www/html/paybras/loja-paybras/app/code/core/Mage/Page/Block/Html/Head.php on line 68
2013-08-13T20:50:53+00:00 ERR (3): Warning: Missing argument 1 for Mage_Page_Block_Html_Head::addJs()  in /var/www/html/paybras/loja-paybras/app/code/core/Mage/Page/Block/Html/Head.php on line 66
2013-08-13T20:50:53+00:00 ERR (3): Notice: Undefined variable: name  in /var/www/html/paybras/loja-paybras/app/code/core/Mage/Page/Block/Html/Head.php on line 68
2013-08-13T20:50:53+00:00 ERR (3): Warning: Missing argument 1 for Mage_Page_Block_Html_Head::addCss()  in /var/www/html/paybras/loja-paybras/app/code/core/Mage/Page/Block/Html/Head.php on line 53
2013-08-13T20:50:53+00:00 ERR (3): Notice: Undefined variable: name  in /var/www/html/paybras/loja-paybras/app/code/core/Mage/Page/Block/Html/Head.php on line 55
2013-08-13T20:50:53+00:00 ERR (3): Warning: Missing argument 1 for Mage_Page_Block_Html_Head::addCss()  in /var/www/html/paybras/loja-paybras/app/code/core/Mage/Page/Block/Html/Head.php on line 53
2013-08-13T20:50:53+00:00 ERR (3): Notice: Undefined variable: name  in /var/www/html/paybras/loja-paybras/app/code/core/Mage/Page/Block/Html/Head.php on line 55
2013-08-13T20:50:53+00:00 ERR (3): Warning: Missing argument 1 for Mage_Page_Block_Html_Head::addCss()  in /var/www/html/paybras/loja-paybras/app/code/core/Mage/Page/Block/Html/Head.php on line 53
2013-08-13T20:50:53+00:00 ERR (3): Notice: Undefined variable: name  in /var/www/html/paybras/loja-paybras/app/code/core/Mage/Page/Block/Html/Head.php on line 55
2013-08-13T20:50:53+00:00 ERR (3): Warning: Missing argument 1 for Mage_Page_Block_Html_Head::addItem()  in /var/www/html/paybras/loja-paybras/app/code/core/Mage/Page/Block/Html/Head.php on line 128
2013-08-13T20:50:53+00:00 ERR (3): Warning: Missing argument 2 for Mage_Page_Block_Html_Head::addItem()  in /var/www/html/paybras/loja-paybras/app/code/core/Mage/Page/Block/Html/Head.php on line 128
2013-08-13T20:50:53+00:00 ERR (3): Notice: Undefined variable: type  in /var/www/html/paybras/loja-paybras/app/code/core/Mage/Page/Block/Html/Head.php on line 130
2013-08-13T20:50:53+00:00 ERR (3): Notice: Undefined variable: type  in /var/www/html/paybras/loja-paybras/app/code/core/Mage/Page/Block/Html/Head.php on line 133
2013-08-13T20:50:53+00:00 ERR (3): Notice: Undefined variable: name  in /var/www/html/paybras/loja-paybras/app/code/core/Mage/Page/Block/Html/Head.php on line 133
2013-08-13T20:50:53+00:00 ERR (3): Notice: Undefined variable: type  in /var/www/html/paybras/loja-paybras/app/code/core/Mage/Page/Block/Html/Head.php on line 134
2013-08-13T20:50:53+00:00 ERR (3): Notice: Undefined variable: name  in /var/www/html/paybras/loja-paybras/app/code/core/Mage/Page/Block/Html/Head.php on line 135
2013-08-13T20:50:53+00:00 ERR (3): Warning: Missing argument 1 for Mage_Page_Block_Html_Head::addItem()  in /var/www/html/paybras/loja-paybras/app/code/core/Mage/Page/Block/Html/Head.php on line 128
2013-08-13T20:50:53+00:00 ERR (3): Warning: Missing argument 2 for Mage_Page_Block_Html_Head::addItem()  in /var/www/html/paybras/loja-paybras/app/code/core/Mage/Page/Block/Html/Head.php on line 128
2013-08-13T20:50:53+00:00 ERR (3): Notice: Undefined variable: type  in /var/www/html/paybras/loja-paybras/app/code/core/Mage/Page/Block/Html/Head.php on line 130
2013-08-13T20:50:53+00:00 ERR (3): Notice: Undefined variable: type  in /var/www/html/paybras/loja-paybras/app/code/core/Mage/Page/Block/Html/Head.php on line 133
2013-08-13T20:50:53+00:00 ERR (3): Notice: Undefined variable: name  in /var/www/html/paybras/loja-paybras/app/code/core/Mage/Page/Block/Html/Head.php on line 133
2013-08-13T20:50:53+00:00 ERR (3): Notice: Undefined variable: type  in /var/www/html/paybras/loja-paybras/app/code/core/Mage/Page/Block/Html/Head.php on line 134
2013-08-13T20:50:53+00:00 ERR (3): Notice: Undefined variable: name  in /var/www/html/paybras/loja-paybras/app/code/core/Mage/Page/Block/Html/Head.php on line 135
2013-08-13T20:50:53+00:00 ERR (3): Warning: Missing argument 1 for Mage_Page_Block_Html_Head::addItem()  in /var/www/html/paybras/loja-paybras/app/code/core/Mage/Page/Block/Html/Head.php on line 128
2013-08-13T20:50:53+00:00 ERR (3): Warning: Missing argument 2 for Mage_Page_Block_Html_Head::addItem()  in /var/www/html/paybras/loja-paybras/app/code/core/Mage/Page/Block/Html/Head.php on line 128
2013-08-13T20:50:53+00:00 ERR (3): Notice: Undefined variable: type  in /var/www/html/paybras/loja-paybras/app/code/core/Mage/Page/Block/Html/Head.php on line 130
2013-08-13T20:50:53+00:00 ERR (3): Notice: Undefined variable: type  in /var/www/html/paybras/loja-paybras/app/code/core/Mage/Page/Block/Html/Head.php on line 133
2013-08-13T20:50:53+00:00 ERR (3): Notice: Undefined variable: name  in /var/www/html/paybras/loja-paybras/app/code/core/Mage/Page/Block/Html/Head.php on line 133
2013-08-13T20:50:53+00:00 ERR (3): Notice: Undefined variable: type  in /var/www/html/paybras/loja-paybras/app/code/core/Mage/Page/Block/Html/Head.php on line 134
2013-08-13T20:50:53+00:00 ERR (3): Notice: Undefined variable: name  in /var/www/html/paybras/loja-paybras/app/code/core/Mage/Page/Block/Html/Head.php on line 135
2013-08-13T20:50:53+00:00 ERR (3): Warning: Missing argument 1 for Mage_Page_Block_Html_Head::addCss()  in /var/www/html/paybras/loja-paybras/app/code/core/Mage/Page/Block/Html/Head.php on line 53
2013-08-13T20:50:53+00:00 ERR (3): Notice: Undefined variable: name  in /var/www/html/paybras/loja-paybras/app/code/core/Mage/Page/Block/Html/Head.php on line 55
2013-08-13T20:50:53+00:00 ERR (3): Warning: Missing argument 1 for Mage_Page_Block_Html_Head::addItem()  in /var/www/html/paybras/loja-paybras/app/code/core/Mage/Page/Block/Html/Head.php on line 128
2013-08-13T20:50:53+00:00 ERR (3): Warning: Missing argument 2 for Mage_Page_Block_Html_Head::addItem()  in /var/www/html/paybras/loja-paybras/app/code/core/Mage/Page/Block/Html/Head.php on line 128
2013-08-13T20:50:53+00:00 ERR (3): Notice: Undefined variable: type  in /var/www/html/paybras/loja-paybras/app/code/core/Mage/Page/Block/Html/Head.php on line 130
2013-08-13T20:50:53+00:00 ERR (3): Notice: Undefined variable: type  in /var/www/html/paybras/loja-paybras/app/code/core/Mage/Page/Block/Html/Head.php on line 133
2013-08-13T20:50:53+00:00 ERR (3): Notice: Undefined variable: name  in /var/www/html/paybras/loja-paybras/app/code/core/Mage/Page/Block/Html/Head.php on line 133
2013-08-13T20:50:53+00:00 ERR (3): Notice: Undefined variable: type  in /var/www/html/paybras/loja-paybras/app/code/core/Mage/Page/Block/Html/Head.php on line 134
2013-08-13T20:50:53+00:00 ERR (3): Notice: Undefined variable: name  in /var/www/html/paybras/loja-paybras/app/code/core/Mage/Page/Block/Html/Head.php on line 135
2013-08-13T20:50:53+00:00 ERR (3): Warning: Missing argument 1 for Mage_Page_Block_Html_Head::addItem()  in /var/www/html/paybras/loja-paybras/app/code/core/Mage/Page/Block/Html/Head.php on line 128
2013-08-13T20:50:53+00:00 ERR (3): Warning: Missing argument 2 for Mage_Page_Block_Html_Head::addItem()  in /var/www/html/paybras/loja-paybras/app/code/core/Mage/Page/Block/Html/Head.php on line 128
2013-08-13T20:50:53+00:00 ERR (3): Notice: Undefined variable: type  in /var/www/html/paybras/loja-paybras/app/code/core/Mage/Page/Block/Html/Head.php on line 130
2013-08-13T20:50:53+00:00 ERR (3): Notice: Undefined variable: type  in /var/www/html/paybras/loja-paybras/app/code/core/Mage/Page/Block/Html/Head.php on line 133
2013-08-13T20:50:53+00:00 ERR (3): Notice: Undefined variable: name  in /var/www/html/paybras/loja-paybras/app/code/core/Mage/Page/Block/Html/Head.php on line 133
2013-08-13T20:50:53+00:00 ERR (3): Notice: Undefined variable: type  in /var/www/html/paybras/loja-paybras/app/code/core/Mage/Page/Block/Html/Head.php on line 134
2013-08-13T20:50:53+00:00 ERR (3): Notice: Undefined variable: name  in /var/www/html/paybras/loja-paybras/app/code/core/Mage/Page/Block/Html/Head.php on line 135
2013-08-13T20:50:53+00:00 ERR (3): Warning: Missing argument 1 for Mage_Page_Block_Html_Head::addItem()  in /var/www/html/paybras/loja-paybras/app/code/core/Mage/Page/Block/Html/Head.php on line 128
2013-08-13T20:50:53+00:00 ERR (3): Warning: Missing argument 2 for Mage_Page_Block_Html_Head::addItem()  in /var/www/html/paybras/loja-paybras/app/code/core/Mage/Page/Block/Html/Head.php on line 128
2013-08-13T20:50:53+00:00 ERR (3): Notice: Undefined variable: type  in /var/www/html/paybras/loja-paybras/app/code/core/Mage/Page/Block/Html/Head.php on line 130
2013-08-13T20:50:53+00:00 ERR (3): Notice: Undefined variable: type  in /var/www/html/paybras/loja-paybras/app/code/core/Mage/Page/Block/Html/Head.php on line 133
2013-08-13T20:50:53+00:00 ERR (3): Notice: Undefined variable: name  in /var/www/html/paybras/loja-paybras/app/code/core/Mage/Page/Block/Html/Head.php on line 133
2013-08-13T20:50:53+00:00 ERR (3): Notice: Undefined variable: type  in /var/www/html/paybras/loja-paybras/app/code/core/Mage/Page/Block/Html/Head.php on line 134
2013-08-13T20:50:53+00:00 ERR (3): Notice: Undefined variable: name  in /var/www/html/paybras/loja-paybras/app/code/core/Mage/Page/Block/Html/Head.php on line 135
2013-08-13T20:50:53+00:00 ERR (3): Warning: Missing argument 1 for Mage_Page_Block_Html_Head::addItem()  in /var/www/html/paybras/loja-paybras/app/code/core/Mage/Page/Block/Html/Head.php on line 128
2013-08-13T20:50:53+00:00 ERR (3): Warning: Missing argument 2 for Mage_Page_Block_Html_Head::addItem()  in /var/www/html/paybras/loja-paybras/app/code/core/Mage/Page/Block/Html/Head.php on line 128
2013-08-13T20:50:53+00:00 ERR (3): Notice: Undefined variable: type  in /var/www/html/paybras/loja-paybras/app/code/core/Mage/Page/Block/Html/Head.php on line 130
2013-08-13T20:50:53+00:00 ERR (3): Notice: Undefined variable: type  in /var/www/html/paybras/loja-paybras/app/code/core/Mage/Page/Block/Html/Head.php on line 133
2013-08-13T20:50:53+00:00 ERR (3): Notice: Undefined variable: name  in /var/www/html/paybras/loja-paybras/app/code/core/Mage/Page/Block/Html/Head.php on line 133
2013-08-13T20:50:53+00:00 ERR (3): Notice: Undefined variable: type  in /var/www/html/paybras/loja-paybras/app/code/core/Mage/Page/Block/Html/Head.php on line 134
2013-08-13T20:50:53+00:00 ERR (3): Notice: Undefined variable: name  in /var/www/html/paybras/loja-paybras/app/code/core/Mage/Page/Block/Html/Head.php on line 135
2013-08-13T20:50:53+00:00 ERR (3): Warning: Missing argument 1 for Mage_Page_Block_Html_Head::addItem()  in /var/www/html/paybras/loja-paybras/app/code/core/Mage/Page/Block/Html/Head.php on line 128
2013-08-13T20:50:53+00:00 ERR (3): Warning: Missing argument 2 for Mage_Page_Block_Html_Head::addItem()  in /var/www/html/paybras/loja-paybras/app/code/core/Mage/Page/Block/Html/Head.php on line 128
2013-08-13T20:50:53+00:00 ERR (3): Notice: Undefined variable: type  in /var/www/html/paybras/loja-paybras/app/code/core/Mage/Page/Block/Html/Head.php on line 130
2013-08-13T20:50:53+00:00 ERR (3): Notice: Undefined variable: type  in /var/www/html/paybras/loja-paybras/app/code/core/Mage/Page/Block/Html/Head.php on line 133
2013-08-13T20:50:53+00:00 ERR (3): Notice: Undefined variable: name  in /var/www/html/paybras/loja-paybras/app/code/core/Mage/Page/Block/Html/Head.php on line 133
2013-08-13T20:50:53+00:00 ERR (3): Notice: Undefined variable: type  in /var/www/html/paybras/loja-paybras/app/code/core/Mage/Page/Block/Html/Head.php on line 134
2013-08-13T20:50:53+00:00 ERR (3): Notice: Undefined variable: name  in /var/www/html/paybras/loja-paybras/app/code/core/Mage/Page/Block/Html/Head.php on line 135
2013-08-13T20:50:53+00:00 ERR (3): Warning: Missing argument 1 for Mage_Page_Block_Html_Head::addItem()  in /var/www/html/paybras/loja-paybras/app/code/core/Mage/Page/Block/Html/Head.php on line 128
2013-08-13T20:50:53+00:00 ERR (3): Warning: Missing argument 2 for Mage_Page_Block_Html_Head::addItem()  in /var/www/html/paybras/loja-paybras/app/code/core/Mage/Page/Block/Html/Head.php on line 128
2013-08-13T20:50:53+00:00 ERR (3): Notice: Undefined variable: type  in /var/www/html/paybras/loja-paybras/app/code/core/Mage/Page/Block/Html/Head.php on line 130
2013-08-13T20:50:53+00:00 ERR (3): Notice: Undefined variable: type  in /var/www/html/paybras/loja-paybras/app/code/core/Mage/Page/Block/Html/Head.php on line 133
2013-08-13T20:50:53+00:00 ERR (3): Notice: Undefined variable: name  in /var/www/html/paybras/loja-paybras/app/code/core/Mage/Page/Block/Html/Head.php on line 133
2013-08-13T20:50:53+00:00 ERR (3): Notice: Undefined variable: type  in /var/www/html/paybras/loja-paybras/app/code/core/Mage/Page/Block/Html/Head.php on line 134
2013-08-13T20:50:53+00:00 ERR (3): Notice: Undefined variable: name  in /var/www/html/paybras/loja-paybras/app/code/core/Mage/Page/Block/Html/Head.php on line 135
2013-08-13T20:50:53+00:00 ERR (3): Warning: Missing argument 1 for Mage_Page_Block_Html_Head::addItem()  in /var/www/html/paybras/loja-paybras/app/code/core/Mage/Page/Block/Html/Head.php on line 128
2013-08-13T20:50:53+00:00 ERR (3): Warning: Missing argument 2 for Mage_Page_Block_Html_Head::addItem()  in /var/www/html/paybras/loja-paybras/app/code/core/Mage/Page/Block/Html/Head.php on line 128
2013-08-13T20:50:53+00:00 ERR (3): Notice: Undefined variable: type  in /var/www/html/paybras/loja-paybras/app/code/core/Mage/Page/Block/Html/Head.php on line 130
2013-08-13T20:50:53+00:00 ERR (3): Notice: Undefined variable: type  in /var/www/html/paybras/loja-paybras/app/code/core/Mage/Page/Block/Html/Head.php on line 133
2013-08-13T20:50:53+00:00 ERR (3): Notice: Undefined variable: name  in /var/www/html/paybras/loja-paybras/app/code/core/Mage/Page/Block/Html/Head.php on line 133
2013-08-13T20:50:53+00:00 ERR (3): Notice: Undefined variable: type  in /var/www/html/paybras/loja-paybras/app/code/core/Mage/Page/Block/Html/Head.php on line 134
2013-08-13T20:50:53+00:00 ERR (3): Notice: Undefined variable: name  in /var/www/html/paybras/loja-paybras/app/code/core/Mage/Page/Block/Html/Head.php on line 135
2013-08-13T20:50:53+00:00 ERR (3): Warning: Missing argument 1 for Mage_Page_Block_Html_Head::addItem()  in /var/www/html/paybras/loja-paybras/app/code/core/Mage/Page/Block/Html/Head.php on line 128
2013-08-13T20:50:53+00:00 ERR (3): Warning: Missing argument 2 for Mage_Page_Block_Html_Head::addItem()  in /var/www/html/paybras/loja-paybras/app/code/core/Mage/Page/Block/Html/Head.php on line 128
2013-08-13T20:50:53+00:00 ERR (3): Notice: Undefined variable: type  in /var/www/html/paybras/loja-paybras/app/code/core/Mage/Page/Block/Html/Head.php on line 130
2013-08-13T20:50:53+00:00 ERR (3): Notice: Undefined variable: type  in /var/www/html/paybras/loja-paybras/app/code/core/Mage/Page/Block/Html/Head.php on line 133
2013-08-13T20:50:53+00:00 ERR (3): Notice: Undefined variable: name  in /var/www/html/paybras/loja-paybras/app/code/core/Mage/Page/Block/Html/Head.php on line 133
2013-08-13T20:50:53+00:00 ERR (3): Notice: Undefined variable: type  in /var/www/html/paybras/loja-paybras/app/code/core/Mage/Page/Block/Html/Head.php on line 134
2013-08-13T20:50:53+00:00 ERR (3): Notice: Undefined variable: name  in /var/www/html/paybras/loja-paybras/app/code/core/Mage/Page/Block/Html/Head.php on line 135
2013-08-13T20:50:53+00:00 ERR (3): Warning: Missing argument 1 for Mage_Page_Block_Html_Head::addItem()  in /var/www/html/paybras/loja-paybras/app/code/core/Mage/Page/Block/Html/Head.php on line 128
2013-08-13T20:50:53+00:00 ERR (3): Warning: Missing argument 2 for Mage_Page_Block_Html_Head::addItem()  in /var/www/html/paybras/loja-paybras/app/code/core/Mage/Page/Block/Html/Head.php on line 128
2013-08-13T20:50:53+00:00 ERR (3): Notice: Undefined variable: type  in /var/www/html/paybras/loja-paybras/app/code/core/Mage/Page/Block/Html/Head.php on line 130
2013-08-13T20:50:53+00:00 ERR (3): Notice: Undefined variable: type  in /var/www/html/paybras/loja-paybras/app/code/core/Mage/Page/Block/Html/Head.php on line 133
2013-08-13T20:50:53+00:00 ERR (3): Notice: Undefined variable: name  in /var/www/html/paybras/loja-paybras/app/code/core/Mage/Page/Block/Html/Head.php on line 133
2013-08-13T20:50:53+00:00 ERR (3): Notice: Undefined variable: type  in /var/www/html/paybras/loja-paybras/app/code/core/Mage/Page/Block/Html/Head.php on line 134
2013-08-13T20:50:53+00:00 ERR (3): Notice: Undefined variable: name  in /var/www/html/paybras/loja-paybras/app/code/core/Mage/Page/Block/Html/Head.php on line 135
2013-08-13T20:50:53+00:00 ERR (3): Warning: Missing argument 1 for Mage_Page_Block_Html_Head::addItem()  in /var/www/html/paybras/loja-paybras/app/code/core/Mage/Page/Block/Html/Head.php on line 128
2013-08-13T20:50:53+00:00 ERR (3): Warning: Missing argument 2 for Mage_Page_Block_Html_Head::addItem()  in /var/www/html/paybras/loja-paybras/app/code/core/Mage/Page/Block/Html/Head.php on line 128
2013-08-13T20:50:53+00:00 ERR (3): Notice: Undefined variable: type  in /var/www/html/paybras/loja-paybras/app/code/core/Mage/Page/Block/Html/Head.php on line 130
2013-08-13T20:50:53+00:00 ERR (3): Notice: Undefined variable: type  in /var/www/html/paybras/loja-paybras/app/code/core/Mage/Page/Block/Html/Head.php on line 133
2013-08-13T20:50:53+00:00 ERR (3): Notice: Undefined variable: name  in /var/www/html/paybras/loja-paybras/app/code/core/Mage/Page/Block/Html/Head.php on line 133
2013-08-13T20:50:53+00:00 ERR (3): Notice: Undefined variable: type  in /var/www/html/paybras/loja-paybras/app/code/core/Mage/Page/Block/Html/Head.php on line 134
2013-08-13T20:50:53+00:00 ERR (3): Notice: Undefined variable: name  in /var/www/html/paybras/loja-paybras/app/code/core/Mage/Page/Block/Html/Head.php on line 135
2013-08-13T20:50:53+00:00 ERR (3): Warning: Missing argument 1 for Mage_Page_Block_Html_Head::addItem()  in /var/www/html/paybras/loja-paybras/app/code/core/Mage/Page/Block/Html/Head.php on line 128
2013-08-13T20:50:53+00:00 ERR (3): Warning: Missing argument 2 for Mage_Page_Block_Html_Head::addItem()  in /var/www/html/paybras/loja-paybras/app/code/core/Mage/Page/Block/Html/Head.php on line 128
2013-08-13T20:50:53+00:00 ERR (3): Notice: Undefined variable: type  in /var/www/html/paybras/loja-paybras/app/code/core/Mage/Page/Block/Html/Head.php on line 130
2013-08-13T20:50:53+00:00 ERR (3): Notice: Undefined variable: type  in /var/www/html/paybras/loja-paybras/app/code/core/Mage/Page/Block/Html/Head.php on line 133
2013-08-13T20:50:53+00:00 ERR (3): Notice: Undefined variable: name  in /var/www/html/paybras/loja-paybras/app/code/core/Mage/Page/Block/Html/Head.php on line 133
2013-08-13T20:50:53+00:00 ERR (3): Notice: Undefined variable: type  in /var/www/html/paybras/loja-paybras/app/code/core/Mage/Page/Block/Html/Head.php on line 134
2013-08-13T20:50:53+00:00 ERR (3): Notice: Undefined variable: name  in /var/www/html/paybras/loja-paybras/app/code/core/Mage/Page/Block/Html/Head.php on line 135
2013-08-13T20:50:53+00:00 ERR (3): Warning: Missing argument 1 for Mage_Page_Block_Html_Head::addItem()  in /var/www/html/paybras/loja-paybras/app/code/core/Mage/Page/Block/Html/Head.php on line 128
2013-08-13T20:50:53+00:00 ERR (3): Warning: Missing argument 2 for Mage_Page_Block_Html_Head::addItem()  in /var/www/html/paybras/loja-paybras/app/code/core/Mage/Page/Block/Html/Head.php on line 128
2013-08-13T20:50:53+00:00 ERR (3): Notice: Undefined variable: type  in /var/www/html/paybras/loja-paybras/app/code/core/Mage/Page/Block/Html/Head.php on line 130
2013-08-13T20:50:53+00:00 ERR (3): Notice: Undefined variable: type  in /var/www/html/paybras/loja-paybras/app/code/core/Mage/Page/Block/Html/Head.php on line 133
2013-08-13T20:50:53+00:00 ERR (3): Notice: Undefined variable: name  in /var/www/html/paybras/loja-paybras/app/code/core/Mage/Page/Block/Html/Head.php on line 133
2013-08-13T20:50:53+00:00 ERR (3): Notice: Undefined variable: type  in /var/www/html/paybras/loja-paybras/app/code/core/Mage/Page/Block/Html/Head.php on line 134
2013-08-13T20:50:53+00:00 ERR (3): Notice: Undefined variable: name  in /var/www/html/paybras/loja-paybras/app/code/core/Mage/Page/Block/Html/Head.php on line 135
2013-08-13T20:50:53+00:00 ERR (3): Warning: Missing argument 1 for Mage_Page_Block_Html_Head::addItem()  in /var/www/html/paybras/loja-paybras/app/code/core/Mage/Page/Block/Html/Head.php on line 128
2013-08-13T20:50:53+00:00 ERR (3): Warning: Missing argument 2 for Mage_Page_Block_Html_Head::addItem()  in /var/www/html/paybras/loja-paybras/app/code/core/Mage/Page/Block/Html/Head.php on line 128
2013-08-13T20:50:53+00:00 ERR (3): Notice: Undefined variable: type  in /var/www/html/paybras/loja-paybras/app/code/core/Mage/Page/Block/Html/Head.php on line 130
2013-08-13T20:50:53+00:00 ERR (3): Notice: Undefined variable: type  in /var/www/html/paybras/loja-paybras/app/code/core/Mage/Page/Block/Html/Head.php on line 133
2013-08-13T20:50:53+00:00 ERR (3): Notice: Undefined variable: name  in /var/www/html/paybras/loja-paybras/app/code/core/Mage/Page/Block/Html/Head.php on line 133
2013-08-13T20:50:53+00:00 ERR (3): Notice: Undefined variable: type  in /var/www/html/paybras/loja-paybras/app/code/core/Mage/Page/Block/Html/Head.php on line 134
2013-08-13T20:50:53+00:00 ERR (3): Notice: Undefined variable: name  in /var/www/html/paybras/loja-paybras/app/code/core/Mage/Page/Block/Html/Head.php on line 135
2013-08-13T20:50:53+00:00 ERR (3): Warning: Missing argument 1 for Mage_Page_Block_Html_Head::addCss()  in /var/www/html/paybras/loja-paybras/app/code/core/Mage/Page/Block/Html/Head.php on line 53
2013-08-13T20:50:53+00:00 ERR (3): Notice: Undefined variable: name  in /var/www/html/paybras/loja-paybras/app/code/core/Mage/Page/Block/Html/Head.php on line 55
2013-08-13T20:50:53+00:00 ERR (3): Warning: Invalid argument supplied for foreach()  in /var/www/html/paybras/loja-paybras/app/code/core/Mage/Adminhtml/Block/System/Config/Tabs.php on line 143
2013-08-13T20:50:53+00:00 ERR (3): Warning: include_once(/var/www/html/paybras/loja-paybras/lib/MaxMind/GeoIP/geoip.inc): failed to open stream: No such file or directory  in /var/www/html/paybras/loja-paybras/app/code/local/DeivisonArthur/OnepageCheckout/Model/Type/Geo.php on line 3
2013-08-13T20:50:53+00:00 ERR (3): Warning: include_once(): Failed opening '/var/www/html/paybras/loja-paybras/lib/MaxMind/GeoIP/geoip.inc' for inclusion (include_path='/var/www/html/paybras/loja-paybras/app/code/local:/var/www/html/paybras/loja-paybras/app/code/community:/var/www/html/paybras/loja-paybras/app/code/core:/var/www/html/paybras/loja-paybras/lib:.:/usr/share/pear:/usr/share/php')  in /var/www/html/paybras/loja-paybras/app/code/local/DeivisonArthur/OnepageCheckout/Model/Type/Geo.php on line 3
2013-08-13T20:50:53+00:00 ERR (3): Warning: include_once(/var/www/html/paybras/loja-paybras/lib/MaxMind/GeoIP/geoipcity.inc): failed to open stream: No such file or directory  in /var/www/html/paybras/loja-paybras/app/code/local/DeivisonArthur/OnepageCheckout/Model/Type/Geo.php on line 4
2013-08-13T20:50:53+00:00 ERR (3): Warning: include_once(): Failed opening '/var/www/html/paybras/loja-paybras/lib/MaxMind/GeoIP/geoipcity.inc' for inclusion (include_path='/var/www/html/paybras/loja-paybras/app/code/local:/var/www/html/paybras/loja-paybras/app/code/community:/var/www/html/paybras/loja-paybras/app/code/core:/var/www/html/paybras/loja-paybras/lib:.:/usr/share/pear:/usr/share/php')  in /var/www/html/paybras/loja-paybras/app/code/local/DeivisonArthur/OnepageCheckout/Model/Type/Geo.php on line 4
2013-08-13T20:50:53+00:00 ERR (3): Warning: include_once(/var/www/html/paybras/loja-paybras/lib/MaxMind/GeoIP/geoipregionvars.php): failed to open stream: No such file or directory  in /var/www/html/paybras/loja-paybras/app/code/local/DeivisonArthur/OnepageCheckout/Model/Type/Geo.php on line 5
2013-08-13T20:50:53+00:00 ERR (3): Warning: include_once(): Failed opening '/var/www/html/paybras/loja-paybras/lib/MaxMind/GeoIP/geoipregionvars.php' for inclusion (include_path='/var/www/html/paybras/loja-paybras/app/code/local:/var/www/html/paybras/loja-paybras/app/code/community:/var/www/html/paybras/loja-paybras/app/code/core:/var/www/html/paybras/loja-paybras/lib:.:/usr/share/pear:/usr/share/php')  in /var/www/html/paybras/loja-paybras/app/code/local/DeivisonArthur/OnepageCheckout/Model/Type/Geo.php on line 5
2013-08-13T20:50:55+00:00 ERR (3): Strict Notice: Declaration of PedroTeixeira_Correios_Model_Carrier_CorreiosMethod::isZipCodeRequired() should be compatible with that of Mage_Shipping_Model_Carrier_Abstract::isZipCodeRequired()  in /var/www/html/paybras/loja-paybras/app/code/community/PedroTeixeira/Correios/Model/Carrier/CorreiosMethod.php on line 28
2013-08-13T20:50:56+00:00 ERR (3): Warning: include_once(/var/www/html/paybras/loja-paybras/lib/MaxMind/GeoIP/geoip.inc): failed to open stream: No such file or directory  in /var/www/html/paybras/loja-paybras/app/code/local/DeivisonArthur/OnepageCheckout/Model/Type/Geo.php on line 3
2013-08-13T20:50:56+00:00 ERR (3): Warning: include_once(): Failed opening '/var/www/html/paybras/loja-paybras/lib/MaxMind/GeoIP/geoip.inc' for inclusion (include_path='/var/www/html/paybras/loja-paybras/app/code/local:/var/www/html/paybras/loja-paybras/app/code/community:/var/www/html/paybras/loja-paybras/app/code/core:/var/www/html/paybras/loja-paybras/lib:.:/usr/share/pear:/usr/share/php')  in /var/www/html/paybras/loja-paybras/app/code/local/DeivisonArthur/OnepageCheckout/Model/Type/Geo.php on line 3
2013-08-13T20:50:56+00:00 ERR (3): Warning: include_once(/var/www/html/paybras/loja-paybras/lib/MaxMind/GeoIP/geoipcity.inc): failed to open stream: No such file or directory  in /var/www/html/paybras/loja-paybras/app/code/local/DeivisonArthur/OnepageCheckout/Model/Type/Geo.php on line 4
2013-08-13T20:50:56+00:00 ERR (3): Warning: include_once(): Failed opening '/var/www/html/paybras/loja-paybras/lib/MaxMind/GeoIP/geoipcity.inc' for inclusion (include_path='/var/www/html/paybras/loja-paybras/app/code/local:/var/www/html/paybras/loja-paybras/app/code/community:/var/www/html/paybras/loja-paybras/app/code/core:/var/www/html/paybras/loja-paybras/lib:.:/usr/share/pear:/usr/share/php')  in /var/www/html/paybras/loja-paybras/app/code/local/DeivisonArthur/OnepageCheckout/Model/Type/Geo.php on line 4
2013-08-13T20:50:56+00:00 ERR (3): Warning: include_once(/var/www/html/paybras/loja-paybras/lib/MaxMind/GeoIP/geoipregionvars.php): failed to open stream: No such file or directory  in /var/www/html/paybras/loja-paybras/app/code/local/DeivisonArthur/OnepageCheckout/Model/Type/Geo.php on line 5
2013-08-13T20:50:56+00:00 ERR (3): Warning: include_once(): Failed opening '/var/www/html/paybras/loja-paybras/lib/MaxMind/GeoIP/geoipregionvars.php' for inclusion (include_path='/var/www/html/paybras/loja-paybras/app/code/local:/var/www/html/paybras/loja-paybras/app/code/community:/var/www/html/paybras/loja-paybras/app/code/core:/var/www/html/paybras/loja-paybras/lib:.:/usr/share/pear:/usr/share/php')  in /var/www/html/paybras/loja-paybras/app/code/local/DeivisonArthur/OnepageCheckout/Model/Type/Geo.php on line 5
2013-08-13T20:50:56+00:00 ERR (3): Strict Notice: Declaration of PedroTeixeira_Correios_Model_Carrier_CorreiosMethod::isZipCodeRequired() should be compatible with that of Mage_Shipping_Model_Carrier_Abstract::isZipCodeRequired()  in /var/www/html/paybras/loja-paybras/app/code/community/PedroTeixeira/Correios/Model/Carrier/CorreiosMethod.php on line 28
2013-08-13T20:50:56+00:00 DEBUG (7): pedroteixeira_correios [98]: Invalid Zip Code
